Determining if the pthread_create exist failed with the following output:
Change Dir: /home/teabot/my_workSpace/a/ros_program_team/catkin_rqt2.1/build/CMakeFiles/CMakeTmp

Run Build Command:"/usr/bin/make" "cmTryCompileExec963396899/fast"
/usr/bin/make -f CMakeFiles/cmTryCompileExec963396899.dir/build.make CMakeFiles/cmTryCompileExec963396899.dir/build
make[1]: 正在进入目录 `/home/teabot/my_workSpace/a/ros_program_team/catkin_rqt2.1/build/CMakeFiles/CMakeTmp'
/usr/bin/cmake -E cmake_progress_report /home/teabot/my_workSpace/a/ros_program_team/catkin_rqt2.1/build/CMakeFiles/CMakeTmp/CMakeFiles 1
Building C object CMakeFiles/cmTryCompileExec963396899.dir/CheckSymbolExists.c.o
/usr/bin/cc    -o CMakeFiles/cmTryCompileExec963396899.dir/CheckSymbolExists.c.o   -c /home/teabot/my_workSpace/a/ros_program_team/catkin_rqt2.1/build/CMakeFiles/CMakeTmp/CheckSymbolExists.c
Linking C executable cmTryCompileExec963396899
/usr/bin/cmake -E cmake_link_script CMakeFiles/cmTryCompileExec963396899.dir/link.txt --verbose=1
/usr/bin/cc       CMakeFiles/cmTryCompileExec963396899.dir/CheckSymbolExists.c.o  -o cmTryCompileExec963396899 -rdynamic 
CMakeFiles/cmTryCompileExec963396899.dir/CheckSymbolExists.c.o：在函数‘main’中：
CheckSymbolExists.c:(.text+0xa)：对‘pthread_create’未定义的引用
collect2: error: ld returned 1 exit status
make[1]:正在离开目录 `/home/teabot/my_workSpace/a/ros_program_team/catkin_rqt2.1/build/CMakeFiles/CMakeTmp'
make[1]: *** [cmTryCompileExec963396899] 错误 1
make: *** [cmTryCompileExec963396899/fast] 错误 2

File /home/teabot/my_workSpace/a/ros_program_team/catkin_rqt2.1/build/CMakeFiles/CMakeTmp/CheckSymbolExists.c:
/* */
#include <pthread.h>

int main(int argc, char** argv)
{
  (void)argv;
#ifndef pthread_create
  return ((int*)(&pthread_create))[argc];
#else
  (void)argc;
  return 0;
#endif
}

Determining if the function pthread_create exists in the pthreads failed with the following output:
Change Dir: /home/teabot/my_workSpace/a/ros_program_team/catkin_rqt2.1/build/CMakeFiles/CMakeTmp

Run Build Command:"/usr/bin/make" "cmTryCompileExec2706364749/fast"
/usr/bin/make -f CMakeFiles/cmTryCompileExec2706364749.dir/build.make CMakeFiles/cmTryCompileExec2706364749.dir/build
make[1]: 正在进入目录 `/home/teabot/my_workSpace/a/ros_program_team/catkin_rqt2.1/build/CMakeFiles/CMakeTmp'
/usr/bin/cmake -E cmake_progress_report /home/teabot/my_workSpace/a/ros_program_team/catkin_rqt2.1/build/CMakeFiles/CMakeTmp/CMakeFiles 1
Building C object CMakeFiles/cmTryCompileExec2706364749.dir/CheckFunctionExists.c.o
/usr/bin/cc   -DCHECK_FUNCTION_EXISTS=pthread_create   -o CMakeFiles/cmTryCompileExec2706364749.dir/CheckFunctionExists.c.o   -c /usr/share/cmake-3.2/Modules/CheckFunctionExists.c
Linking C executable cmTryCompileExec2706364749
/usr/bin/cmake -E cmake_link_script CMakeFiles/cmTryCompileExec2706364749.dir/link.txt --verbose=1
/usr/bin/cc   -DCHECK_FUNCTION_EXISTS=pthread_create    CMakeFiles/cmTryCompileExec2706364749.dir/CheckFunctionExists.c.o  -o cmTryCompileExec2706364749 -rdynamic -lpthreads 
/usr/bin/ld: 找不到 -lpthreads
collect2: error: ld returned 1 exit status
make[1]:正在离开目录 `/home/teabot/my_workSpace/a/ros_program_team/catkin_rqt2.1/build/CMakeFiles/CMakeTmp'
make[1]: *** [cmTryCompileExec2706364749] 错误 1
make: *** [cmTryCompileExec2706364749/fast] 错误 2


Determining if the Q_WS_WIN exist failed with the following output:
Change Dir: /home/teabot/my_workSpace/a/ros_program_team/catkin_rqt2.1/build/CMakeFiles/CMakeTmp

Run Build Command:"/usr/bin/make" "cmTryCompileExec3767438504/fast"
/usr/bin/make -f CMakeFiles/cmTryCompileExec3767438504.dir/build.make CMakeFiles/cmTryCompileExec3767438504.dir/build
make[1]: 正在进入目录 `/home/teabot/my_workSpace/a/ros_program_team/catkin_rqt2.1/build/CMakeFiles/CMakeTmp'
/usr/bin/cmake -E cmake_progress_report /home/teabot/my_workSpace/a/ros_program_team/catkin_rqt2.1/build/CMakeFiles/CMakeTmp/CMakeFiles 1
Building CXX object CMakeFiles/cmTryCompileExec3767438504.dir/CheckSymbolExists.cxx.o
/usr/bin/c++    -I/usr/include/qt4    -o CMakeFiles/cmTryCompileExec3767438504.dir/CheckSymbolExists.cxx.o -c /home/teabot/my_workSpace/a/ros_program_team/catkin_rqt2.1/build/CMakeFiles/CMakeTmp/CheckSymbolExists.cxx
/home/teabot/my_workSpace/a/ros_program_team/catkin_rqt2.1/build/CMakeFiles/CMakeTmp/CheckSymbolExists.cxx: In function ‘int main(int, char**)’:
/home/teabot/my_workSpace/a/ros_program_team/catkin_rqt2.1/build/CMakeFiles/CMakeTmp/CheckSymbolExists.cxx:8:19: error: ‘Q_WS_WIN’ was not declared in this scope
   return ((int*)(&Q_WS_WIN))[argc];
                   ^
make[1]:正在离开目录 `/home/teabot/my_workSpace/a/ros_program_team/catkin_rqt2.1/build/CMakeFiles/CMakeTmp'
make[1]: *** [CMakeFiles/cmTryCompileExec3767438504.dir/CheckSymbolExists.cxx.o] 错误 1
make: *** [cmTryCompileExec3767438504/fast] 错误 2

File /home/teabot/my_workSpace/a/ros_program_team/catkin_rqt2.1/build/CMakeFiles/CMakeTmp/CheckSymbolExists.cxx:
/* */
#include <QtCore/qglobal.h>

int main(int argc, char** argv)
{
  (void)argv;
#ifndef Q_WS_WIN
  return ((int*)(&Q_WS_WIN))[argc];
#else
  (void)argc;
  return 0;
#endif
}

Determining if the Q_WS_QWS exist failed with the following output:
Change Dir: /home/teabot/my_workSpace/a/ros_program_team/catkin_rqt2.1/build/CMakeFiles/CMakeTmp

Run Build Command:"/usr/bin/make" "cmTryCompileExec795935374/fast"
/usr/bin/make -f CMakeFiles/cmTryCompileExec795935374.dir/build.make CMakeFiles/cmTryCompileExec795935374.dir/build
make[1]: 正在进入目录 `/home/teabot/my_workSpace/a/ros_program_team/catkin_rqt2.1/build/CMakeFiles/CMakeTmp'
/usr/bin/cmake -E cmake_progress_report /home/teabot/my_workSpace/a/ros_program_team/catkin_rqt2.1/build/CMakeFiles/CMakeTmp/CMakeFiles 1
Building CXX object CMakeFiles/cmTryCompileExec795935374.dir/CheckSymbolExists.cxx.o
/usr/bin/c++    -I/usr/include/qt4    -o CMakeFiles/cmTryCompileExec795935374.dir/CheckSymbolExists.cxx.o -c /home/teabot/my_workSpace/a/ros_program_team/catkin_rqt2.1/build/CMakeFiles/CMakeTmp/CheckSymbolExists.cxx
/home/teabot/my_workSpace/a/ros_program_team/catkin_rqt2.1/build/CMakeFiles/CMakeTmp/CheckSymbolExists.cxx: In function ‘int main(int, char**)’:
/home/teabot/my_workSpace/a/ros_program_team/catkin_rqt2.1/build/CMakeFiles/CMakeTmp/CheckSymbolExists.cxx:8:19: error: ‘Q_WS_QWS’ was not declared in this scope
   return ((int*)(&Q_WS_QWS))[argc];
                   ^
make[1]:正在离开目录 `/home/teabot/my_workSpace/a/ros_program_team/catkin_rqt2.1/build/CMakeFiles/CMakeTmp'
make[1]: *** [CMakeFiles/cmTryCompileExec795935374.dir/CheckSymbolExists.cxx.o] 错误 1
make: *** [cmTryCompileExec795935374/fast] 错误 2

File /home/teabot/my_workSpace/a/ros_program_team/catkin_rqt2.1/build/CMakeFiles/CMakeTmp/CheckSymbolExists.cxx:
/* */
#include <QtCore/qglobal.h>

int main(int argc, char** argv)
{
  (void)argv;
#ifndef Q_WS_QWS
  return ((int*)(&Q_WS_QWS))[argc];
#else
  (void)argc;
  return 0;
#endif
}

Determining if the Q_WS_MAC exist failed with the following output:
Change Dir: /home/teabot/my_workSpace/a/ros_program_team/catkin_rqt2.1/build/CMakeFiles/CMakeTmp

Run Build Command:"/usr/bin/make" "cmTryCompileExec1708098668/fast"
/usr/bin/make -f CMakeFiles/cmTryCompileExec1708098668.dir/build.make CMakeFiles/cmTryCompileExec1708098668.dir/build
make[1]: 正在进入目录 `/home/teabot/my_workSpace/a/ros_program_team/catkin_rqt2.1/build/CMakeFiles/CMakeTmp'
/usr/bin/cmake -E cmake_progress_report /home/teabot/my_workSpace/a/ros_program_team/catkin_rqt2.1/build/CMakeFiles/CMakeTmp/CMakeFiles 1
Building CXX object CMakeFiles/cmTryCompileExec1708098668.dir/CheckSymbolExists.cxx.o
/usr/bin/c++    -I/usr/include/qt4    -o CMakeFiles/cmTryCompileExec1708098668.dir/CheckSymbolExists.cxx.o -c /home/teabot/my_workSpace/a/ros_program_team/catkin_rqt2.1/build/CMakeFiles/CMakeTmp/CheckSymbolExists.cxx
/home/teabot/my_workSpace/a/ros_program_team/catkin_rqt2.1/build/CMakeFiles/CMakeTmp/CheckSymbolExists.cxx: In function ‘int main(int, char**)’:
/home/teabot/my_workSpace/a/ros_program_team/catkin_rqt2.1/build/CMakeFiles/CMakeTmp/CheckSymbolExists.cxx:8:19: error: ‘Q_WS_MAC’ was not declared in this scope
   return ((int*)(&Q_WS_MAC))[argc];
                   ^
make[1]:正在离开目录 `/home/teabot/my_workSpace/a/ros_program_team/catkin_rqt2.1/build/CMakeFiles/CMakeTmp'
make[1]: *** [CMakeFiles/cmTryCompileExec1708098668.dir/CheckSymbolExists.cxx.o] 错误 1
make: *** [cmTryCompileExec1708098668/fast] 错误 2

File /home/teabot/my_workSpace/a/ros_program_team/catkin_rqt2.1/build/CMakeFiles/CMakeTmp/CheckSymbolExists.cxx:
/* */
#include <QtCore/qglobal.h>

int main(int argc, char** argv)
{
  (void)argv;
#ifndef Q_WS_MAC
  return ((int*)(&Q_WS_MAC))[argc];
#else
  (void)argc;
  return 0;
#endif
}

