Determining if the pthread_create exist failed with the following output:
Change Dir: /home/teabot/my_workSpace/a/ros_program_team/catkin_ws/build/CMakeFiles/CMakeTmp

Run Build Command:"/usr/bin/make" "cmTryCompileExec575721833/fast"
/usr/bin/make -f CMakeFiles/cmTryCompileExec575721833.dir/build.make CMakeFiles/cmTryCompileExec575721833.dir/build
make[1]: 正在进入目录 `/home/teabot/my_workSpace/a/ros_program_team/catkin_ws/build/CMakeFiles/CMakeTmp'
/usr/bin/cmake -E cmake_progress_report /home/teabot/my_workSpace/a/ros_program_team/catkin_ws/build/CMakeFiles/CMakeTmp/CMakeFiles 1
Building C object CMakeFiles/cmTryCompileExec575721833.dir/CheckSymbolExists.c.o
/usr/bin/cc    -o CMakeFiles/cmTryCompileExec575721833.dir/CheckSymbolExists.c.o   -c /home/teabot/my_workSpace/a/ros_program_team/catkin_ws/build/CMakeFiles/CMakeTmp/CheckSymbolExists.c
Linking C executable cmTryCompileExec575721833
/usr/bin/cmake -E cmake_link_script CMakeFiles/cmTryCompileExec575721833.dir/link.txt --verbose=1
/usr/bin/cc       CMakeFiles/cmTryCompileExec575721833.dir/CheckSymbolExists.c.o  -o cmTryCompileExec575721833 -rdynamic 
CMakeFiles/cmTryCompileExec575721833.dir/CheckSymbolExists.c.o：在函数‘main’中：
CheckSymbolExists.c:(.text+0xa)：对‘pthread_create’未定义的引用
collect2: error: ld returned 1 exit status
make[1]: *** [cmTryCompileExec575721833] 错误 1
make[1]:正在离开目录 `/home/teabot/my_workSpace/a/ros_program_team/catkin_ws/build/CMakeFiles/CMakeTmp'
make: *** [cmTryCompileExec575721833/fast] 错误 2

File /home/teabot/my_workSpace/a/ros_program_team/catkin_ws/build/CMakeFiles/CMakeTmp/CheckSymbolExists.c:
/* */
#include <pthread.h>

int main(int argc, char** argv)
{
  (void)argv;
#ifndef pthread_create
  return ((int*)(&pthread_create))[argc];
#else
  (void)argc;
  return 0;
#endif
}

Determining if the function pthread_create exists in the pthreads failed with the following output:
Change Dir: /home/teabot/my_workSpace/a/ros_program_team/catkin_ws/build/CMakeFiles/CMakeTmp

Run Build Command:"/usr/bin/make" "cmTryCompileExec566408718/fast"
/usr/bin/make -f CMakeFiles/cmTryCompileExec566408718.dir/build.make CMakeFiles/cmTryCompileExec566408718.dir/build
make[1]: 正在进入目录 `/home/teabot/my_workSpace/a/ros_program_team/catkin_ws/build/CMakeFiles/CMakeTmp'
/usr/bin/cmake -E cmake_progress_report /home/teabot/my_workSpace/a/ros_program_team/catkin_ws/build/CMakeFiles/CMakeTmp/CMakeFiles 1
Building C object CMakeFiles/cmTryCompileExec566408718.dir/CheckFunctionExists.c.o
/usr/bin/cc   -DCHECK_FUNCTION_EXISTS=pthread_create   -o CMakeFiles/cmTryCompileExec566408718.dir/CheckFunctionExists.c.o   -c /usr/share/cmake-3.2/Modules/CheckFunctionExists.c
Linking C executable cmTryCompileExec566408718
/usr/bin/cmake -E cmake_link_script CMakeFiles/cmTryCompileExec566408718.dir/link.txt --verbose=1
/usr/bin/cc   -DCHECK_FUNCTION_EXISTS=pthread_create    CMakeFiles/cmTryCompileExec566408718.dir/CheckFunctionExists.c.o  -o cmTryCompileExec566408718 -rdynamic -lpthreads 
/usr/bin/ld: 找不到 -lpthreads
collect2: error: ld returned 1 exit status
make[1]:正在离开目录 `/home/teabot/my_workSpace/a/ros_program_team/catkin_ws/build/CMakeFiles/CMakeTmp'
make[1]: *** [cmTryCompileExec566408718] 错误 1
make: *** [cmTryCompileExec566408718/fast] 错误 2


